# JRE version: Java(TM) SE Runtime Environment 18.9 (11.0.23+7) (build 11.0.23+7-LTS-222)
# Java VM: Java HotSpot(TM) 64-Bit Server VM 18.9 (11.0.23+7-LTS-222, mixed mode, tiered, compressed oops, g1 gc, windows-amd64)
Heap:
 garbage-first heap   total 260096K, used 117899K [0x00000000c0000000, 0x0000000100000000)
  region size 1024K, 21 young (21504K), 8 survivors (8192K)
 Metaspace       used 94421K, capacity 96973K, committed 97232K, reserved 1134592K
  class space    used 12048K, capacity 12893K, committed 12928K, reserved 1048576K
GC Heap History (10 events):
Event: 12.102 GC heap before
{Heap before GC invocations=9 (full 0):
 garbage-first heap   total 260096K, used 99420K [0x00000000c0000000, 0x0000000100000000)
  region size 1024K, 42 young (43008K), 10 survivors (10240K)
 Metaspace       used 58392K, capacity 59960K, committed 59984K, reserved 1101824K
  class space    used 7386K, capacity 7923K, committed 7936K, reserved 1048576K
}
Event: 12.109 GC heap after
{Heap after GC invocations=10 (full 0):
 garbage-first heap   total 260096K, used 72967K [0x00000000c0000000, 0x0000000100000000)
  region size 1024K, 5 young (5120K), 5 survivors (5120K)
 Metaspace       used 58392K, capacity 59960K, committed 59984K, reserved 1101824K
  class space    used 7386K, capacity 7923K, committed 7936K, reserved 1048576K
}
Event: 13.978 GC heap before
{Heap before GC invocations=11 (full 0):
 garbage-first heap   total 260096K, used 165127K [0x00000000c0000000, 0x0000000100000000)
  region size 1024K, 94 young (96256K), 5 survivors (5120K)
 Metaspace       used 66664K, capacity 68428K, committed 68688K, reserved 1110016K
  class space    used 8626K, capacity 9195K, committed 9216K, reserved 1048576K
}
Event: 13.986 GC heap after
{Heap after GC invocations=12 (full 0):
 garbage-first heap   total 260096K, used 78302K [0x00000000c0000000, 0x0000000100000000)
  region size 1024K, 10 young (10240K), 10 survivors (10240K)
 Metaspace       used 66664K, capacity 68428K, committed 68688K, reserved 1110016K
  class space    used 8626K, capacity 9195K, committed 9216K, reserved 1048576K
}
Event: 15.414 GC heap before
{Heap before GC invocations=12 (full 0):
 garbage-first heap   total 260096K, used 185822K [0x00000000c0000000, 0x0000000100000000)
  region size 1024K, 104 young (106496K), 10 survivors (10240K)
 Metaspace       used 75038K, capacity 76949K, committed 77008K, reserved 1116160K
  class space    used 9692K, capacity 10346K, committed 10368K, reserved 1048576K
}
Event: 15.426 GC heap after
{Heap after GC invocations=13 (full 0):
 garbage-first heap   total 260096K, used 97898K [0x00000000c0000000, 0x0000000100000000)
  region size 1024K, 13 young (13312K), 13 survivors (13312K)
 Metaspace       used 75038K, capacity 76949K, committed 77008K, reserved 1116160K
  class space    used 9692K, capacity 10346K, committed 10368K, reserved 1048576K
}
Event: 16.684 GC heap before
{Heap before GC invocations=13 (full 0):
 garbage-first heap   total 260096K, used 186986K [0x00000000c0000000, 0x0000000100000000)
  region size 1024K, 100 young (102400K), 13 survivors (13312K)
 Metaspace       used 84891K, capacity 86951K, committed 86992K, reserved 1124352K
  class space    used 10894K, capacity 11611K, committed 11648K, reserved 1048576K
}
Event: 16.696 GC heap after
{Heap after GC invocations=14 (full 0):
 garbage-first heap   total 260096K, used 102218K [0x00000000c0000000, 0x0000000100000000)
  region size 1024K, 5 young (5120K), 5 survivors (5120K)
 Metaspace       used 84891K, capacity 86951K, committed 86992K, reserved 1124352K
  class space    used 10894K, capacity 11611K, committed 11648K, reserved 1048576K
}
Event: 133.511 GC heap before
{Heap before GC invocations=14 (full 0):
 garbage-first heap   total 260096K, used 191306K [0x00000000c0000000, 0x0000000100000000)
  region size 1024K, 93 young (95232K), 5 survivors (5120K)
 Metaspace       used 94149K, capacity 96689K, committed 96976K, reserved 1134592K
  class space    used 12030K, capacity 12877K, committed 12928K, reserved 1048576K
}
Event: 133.518 GC heap after
{Heap after GC invocations=15 (full 0):
 garbage-first heap   total 260096K, used 105611K [0x00000000c0000000, 0x0000000100000000)
  region size 1024K, 8 young (8192K), 8 survivors (8192K)
 Metaspace       used 94149K, capacity 96689K, committed 96976K, reserved 1134592K
  class space    used 12030K, capacity 12877K, committed 12928K, reserved 1048576K
}

